<?xml version="1.0" encoding="UTF-8"?>
<testng-results ignored="0" total="1" passed="1" failed="0" skipped="0">
  <reporter-output>
  </reporter-output>
  <suite started-at="2023-10-02T00:44:04 IST" name="Default suite" finished-at="2023-10-02T00:44:32 IST" duration-ms="27927">
    <groups>
    </groups>
    <test started-at="2023-10-02T00:44:04 IST" name="Default test" finished-at="2023-10-02T00:44:32 IST" duration-ms="27927">
      <class name="crmtestLayer.HomeTestLayer">
        <test-method is-config="true" signature="setUp()[pri:0, instance:crmtestLayer.HomeTestLayer@3eb25e1a]" started-at="2023-10-02T00:44:04 IST" name="setUp" finished-at="2023-10-02T00:44:16 IST" duration-ms="11824" status="PASS">
          <reporter-output>
          </reporter-output>
        </test-method> <!-- setUp -->
        <test-method signature="mouseHoverAction()[pri:3, instance:crmtestLayer.HomeTestLayer@3eb25e1a]" started-at="2023-10-02T00:44:16 IST" name="mouseHoverAction" finished-at="2023-10-02T00:44:32 IST" duration-ms="16038" status="PASS">
          <reporter-output>
          </reporter-output>
        </test-method> <!-- mouseHoverAction -->
      </class> <!-- crmtestLayer.HomeTestLayer -->
    </test> <!-- Default test -->
  </suite> <!-- Default suite -->
</testng-results>
